<?xml version="1.0" encoding="UTF-8"?>
<!-- Generated by org.testng.reporters.JUnitReportReporter -->
<testsuite skipped="0" hostname="DESKTOP-MJA6DNV" name="com.deepak.practice.Jenkins.CalcJenkinTest" tests="2" failures="0" timestamp="2020-01-16T19:49:36 CST" time="0.013" errors="0">
  <testcase name="addTest" time="0.012" classname="com.deepak.practice.Jenkins.CalcJenkinTest"/>
  <testcase name="subTest" time="0.001" classname="com.deepak.practice.Jenkins.CalcJenkinTest"/>
</testsuite> <!-- com.deepak.practice.Jenkins.CalcJenkinTest -->
