<?xml version="1.0" encoding="UTF-8"?>
<!-- Generated by org.testng.reporters.JUnitReportReporter -->
<testsuite skipped="0" hostname="DESKTOP-MJA6DNV" name="com.deepak.practice.Jenkins.CalcTest" tests="2" failures="0" timestamp="2020-01-11T17:07:20 CST" time="0.013" errors="0">
  <testcase name="subTest" time="0.001" classname="com.deepak.practice.Jenkins.CalcTest"/>
  <testcase name="addTest" time="0.012" classname="com.deepak.practice.Jenkins.CalcTest"/>
</testsuite> <!-- com.deepak.practice.Jenkins.CalcTest -->
