<?xml version="1.0" encoding="UTF-8"?>
<!-- Generated by org.testng.reporters.JUnitReportReporter -->
<testsuite hostname="DESKTOP-MJA6DNV" name="com.deepak.practice.Jenkins.CalcJenkinTest" tests="2" failures="0" timestamp="17 Jan 2020 02:26:49 GMT" time="0.008" errors="0">
  <testcase name="addTest" time="0.008" classname="com.deepak.practice.Jenkins.CalcJenkinTest"/>
  <testcase name="subTest" time="0.000" classname="com.deepak.practice.Jenkins.CalcJenkinTest"/>
</testsuite> <!-- com.deepak.practice.Jenkins.CalcJenkinTest -->
